build/app/intermediates/proguard-rules/release/aapt_rules.txt
# Referenced at processReleaseManifest\merged\AndroidManifest.xml:24
-keep class com.example.health_scale.MainActivity { <init>(); }
# Referenced at processReleaseManifest\merged\AndroidManifest.xml:20
-keep class io.flutter.app.FlutterApplication { <init>(); }
# Referenced at processReleaseManifest\merged\AndroidManifest.xml:48
-keep class io.flutter.plugins.urllauncher.WebViewActivity { <init>(); }