build/app/outputs/mapping/release/seeds.txt
com.example.health_scale.MainActivity
com.example.health_scale.MainActivity: MainActivity()
com.example.health_scale.R$attr: int alpha
com.example.health_scale.R$attr: int coordinatorLayoutStyle
com.example.health_scale.R$attr: int font
com.example.health_scale.R$attr: int fontProviderAuthority
com.example.health_scale.R$attr: int fontProviderCerts
com.example.health_scale.R$attr: int fontProviderFetchStrategy
com.example.health_scale.R$attr: int fontProviderFetchTimeout
com.example.health_scale.R$attr: int fontProviderPackage
com.example.health_scale.R$attr: int fontProviderQuery
com.example.health_scale.R$attr: int fontStyle
com.example.health_scale.R$attr: int fontVariationSettings
com.example.health_scale.R$attr: int fontWeight
com.example.health_scale.R$attr: int keylines
com.example.health_scale.R$attr: int layout_anchor
com.example.health_scale.R$attr: int layout_anchorGravity
com.example.health_scale.R$attr: int layout_behavior
com.example.health_scale.R$attr: int layout_dodgeInsetEdges
com.example.health_scale.R$attr: int layout_insetEdge
com.example.health_scale.R$attr: int layout_keyline
com.example.health_scale.R$attr: int statusBarBackground
com.example.health_scale.R$attr: int ttcIndex
com.example.health_scale.R$color: int notification_action_color_filter
com.example.health_scale.R$color: int notification_icon_bg_color
com.example.health_scale.R$color: int ripple_material_light
com.example.health_scale.R$color: int secondary_text_default_material_light
com.example.health_scale.R$dimen: int compat_button_inset_horizontal_material
com.example.health_scale.R$dimen: int compat_button_inset_vertical_material
com.example.health_scale.R$dimen: int compat_button_padding_horizontal_material
com.example.health_scale.R$dimen: int compat_button_padding_vertical_material
com.example.health_scale.R$dimen: int compat_control_corner_material
com.example.health_scale.R$dimen: int compat_notification_large_icon_max_height
com.example.health_scale.R$dimen: int compat_notification_large_icon_max_width
com.example.health_scale.R$dimen: int notification_action_icon_size
com.example.health_scale.R$dimen: int notification_action_text_size
com.example.health_scale.R$dimen: int notification_big_circle_margin
com.example.health_scale.R$dimen: int notification_content_margin_start
com.example.health_scale.R$dimen: int notification_large_icon_height
com.example.health_scale.R$dimen: int notification_large_icon_width
com.example.health_scale.R$dimen: int notification_main_column_padding_top
com.example.health_scale.R$dimen: int notification_media_narrow_margin
com.example.health_scale.R$dimen: int notification_right_icon_size
com.example.health_scale.R$dimen: int notification_right_side_padding_top
com.example.health_scale.R$dimen: int notification_small_icon_background_padding
com.example.health_scale.R$dimen: int notification_small_icon_size_as_large
com.example.health_scale.R$dimen: int notification_subtext_size
com.example.health_scale.R$drawable: int launch_background
com.example.health_scale.R$drawable: int notification_action_background
com.example.health_scale.R$drawable: int notification_bg
com.example.health_scale.R$drawable: int notification_bg_low
com.example.health_scale.R$drawable: int notification_bg_low_normal
com.example.health_scale.R$drawable: int notification_bg_low_pressed
com.example.health_scale.R$drawable: int notification_bg_normal
com.example.health_scale.R$drawable: int notification_bg_normal_pressed
com.example.health_scale.R$drawable: int notification_icon_background
com.example.health_scale.R$drawable: int notification_template_icon_bg
com.example.health_scale.R$drawable: int notification_template_icon_low_bg
com.example.health_scale.R$drawable: int notification_tile_bg
com.example.health_scale.R$drawable: int notify_panel_notification_icon_bg
...
androidx.drawerlayout.R$style: int TextAppearance_Compat_Notification
androidx.drawerlayout.R$style: int TextAppearance_Compat_Notification_Info
androidx.drawerlayout.R$style: int TextAppearance_Compat_Notification_Line2
androidx.drawerlayout.R$style: int TextAppearance_Compat_Notification_Time
androidx.drawerlayout.R$style: int TextAppearance_Compat_Notification_Title
androidx.drawerlayout.R$style: int Widget_Compat_NotificationActionContainer
androidx.drawerlayout.R$style: int Widget_Compat_NotificationActionText
androidx.drawerlayout.R$styleable: int[] ColorStateListItem
androidx.drawerlayout.R$styleable: int ColorStateListItem_android_color
androidx.drawerlayout.R$styleable: int ColorStateListItem_android_alpha
androidx.drawerlayout.R$styleable: int ColorStateListItem_alpha
androidx.drawerlayout.R$styleable: int[] FontFamily
androidx.drawerlayout.R$styleable: int FontFamily_fontProviderAuthority
androidx.drawerlayout.R$styleable: int FontFamily_fontProviderCerts
androidx.drawerlayout.R$styleable: int FontFamily_fontProviderFetchStrategy
androidx.drawerlayout.R$styleable: int FontFamily_fontProviderFetchTimeout
androidx.drawerlayout.R$styleable: int FontFamily_fontProviderPackage
androidx.drawerlayout.R$styleable: int FontFamily_fontProviderQuery
androidx.drawerlayout.R$styleable: int[] FontFamilyFont
androidx.drawerlayout.R$styleable: int FontFamilyFont_android_font
androidx.drawerlayout.R$styleable: int FontFamilyFont_android_fontWeight
androidx.drawerlayout.R$styleable: int FontFamilyFont_android_fontStyle
androidx.drawerlayout.R$styleable: int FontFamilyFont_android_ttcIndex
androidx.drawerlayout.R$styleable: int FontFamilyFont_android_fontVariationSettings
androidx.drawerlayout.R$styleable: int FontFamilyFont_font
androidx.drawerlayout.R$styleable: int FontFamilyFont_fontStyle
androidx.drawerlayout.R$styleable: int FontFamilyFont_fontVariationSettings
androidx.drawerlayout.R$styleable: int FontFamilyFont_fontWeight
androidx.drawerlayout.R$styleable: int FontFamilyFont_ttcIndex
androidx.drawerlayout.widget.DrawerLayout: void setDrawerElevation(float)
androidx.drawerlayout.widget.DrawerLayout: float getDrawerElevation()
androidx.drawerlayout.widget.DrawerLayout: void setScrimColor(int)
androidx.drawerlayout.widget.DrawerLayout: void setDrawerListener(androidx.drawerlayout.widget.DrawerLayout$DrawerListener)
androidx.drawerlayout.widget.DrawerLayout: void setDrawerLockMode(int)
androidx.drawerlayout.widget.DrawerLayout: void setStatusBarBackground(android.graphics.drawable.Drawable)
androidx.drawerlayout.widget.DrawerLayout: android.graphics.drawable.Drawable getStatusBarBackgroundDrawable()
androidx.drawerlayout.widget.DrawerLayout: void setStatusBarBackground(int)
androidx.drawerlayout.widget.DrawerLayout: void setStatusBarBackgroundColor(int)
androidx.drawerlayout.widget.DrawerLayout$SavedState: android.os.Parcelable$Creator CREATOR
androidx.fragment.R$attr: int alpha
androidx.fragment.R$attr: int coordinatorLayoutStyle
androidx.fragment.R$attr: int font
androidx.fragment.R$attr: int fontProviderAuthority
androidx.fragment.R$attr: int fontProviderCerts
androidx.fragment.R$attr: int fontProviderFetchStrategy
androidx.fragment.R$attr: int fontProviderFetchTimeout
androidx.fragment.R$attr: int fontProviderPackage
androidx.fragment.R$attr: int fontProviderQuery
androidx.fragment.R$attr: int fontStyle
androidx.fragment.R$attr: int fontVariationSettings
androidx.fragment.R$attr: int fontWeight
androidx.fragment.R$attr: int keylines
androidx.fragment.R$attr: int layout_anchor
androidx.fragment.R$attr: int layout_anchorGravity
androidx.fragment.R$attr: int layout_behavior
androidx.fragment.R$attr: int layout_dodgeInsetEdges
androidx.fragment.R$attr: int layout_insetEdge
androidx.fragment.R$attr: int layout_keyline
androidx.fragment.R$attr: int statusBarBackground
androidx.fragment.R$attr: int ttcIndex