build/app/outputs/mapping/release/mapping.txt
com.example.health_scale.MainActivity -> com.example.health_scale.MainActivity:
    void <init>() -> <init>
    void onCreate(android.os.Bundle) -> onCreate
...
io.flutter.app.FlutterActivityDelegate$ViewFactory -> io.flutter.app.FlutterActivityDelegate$ViewFactory:
    io.flutter.view.FlutterView createFlutterView(android.content.Context) -> createFlutterView
    io.flutter.view.FlutterNativeView createFlutterNativeView() -> createFlutterNativeView
    boolean retainFlutterNativeView() -> retainFlutterNativeView
io.flutter.app.FlutterActivityEvents -> io.flutter.app.FlutterActivityEvents:
    void onCreate(android.os.Bundle) -> onCreate
    void onNewIntent(android.content.Intent) -> onNewIntent
    void onPause() -> onPause
    void onStart() -> onStart
    void onResume() -> onResume
    void onPostResume() -> onPostResume
    void onDestroy() -> onDestroy
    void onStop() -> onStop
    boolean onBackPressed() -> onBackPressed
    void onUserLeaveHint() -> onUserLeaveHint
io.flutter.app.FlutterApplication -> io.flutter.app.FlutterApplication:
    android.app.Activity mCurrentActivity -> mCurrentActivity
    void <init>() -> <init>
    void onCreate() -> onCreate
    android.app.Activity getCurrentActivity() -> getCurrentActivity
    void setCurrentActivity(android.app.Activity) -> setCurrentActivity
io.flutter.app.FlutterFragmentActivity -> io.flutter.app.FlutterFragmentActivity:
    io.flutter.app.FlutterActivityDelegate delegate -> delegate
    io.flutter.app.FlutterActivityEvents eventDelegate -> eventDelegate
    io.flutter.view.FlutterView$Provider viewProvider -> viewProvider
    io.flutter.plugin.common.PluginRegistry pluginRegistry -> pluginRegistry
    void <init>() -> <init>
    io.flutter.view.FlutterView getFlutterView() -> getFlutterView
    io.flutter.view.FlutterView createFlutterView(android.content.Context) -> createFlutterView
    io.flutter.view.FlutterNativeView createFlutterNativeView() -> createFlutterNativeView
    boolean retainFlutterNativeView() -> retainFlutterNativeView
    boolean hasPlugin(java.lang.String) -> hasPlugin
    java.lang.Object valuePublishedByPlugin(java.lang.String) -> valuePublishedByPlugin
    io.flutter.plugin.common.PluginRegistry$Registrar registrarFor(java.lang.String) -> registrarFor
    void onCreate(android.os.Bundle) -> onCreate
    void onDestroy() -> onDestroy
    void onBackPressed() -> onBackPressed
    void onStart() -> onStart
    void onStop() -> onStop
    void onPause() -> onPause
    void onPostResume() -> onPostResume
    void onRequestPermissionsResult(int,java.lang.String[],int[]) -> onRequestPermissionsResult
    void onActivityResult(int,int,android.content.Intent) -> onActivityResult
    void onNewIntent(android.content.Intent) -> onNewIntent
    void onUserLeaveHint() -> onUserLeaveHint