build/app/outputs/mapping/release/usage.txt
com.example.health_scale.BuildConfig
com.example.health_scale.R
com.example.health_scale.R$attr
com.example.health_scale.R$color
com.example.health_scale.R$dimen
com.example.health_scale.R$drawable
com.example.health_scale.R$id
com.example.health_scale.R$integer
com.example.health_scale.R$layout
com.example.health_scale.R$mipmap
com.example.health_scale.R$string
com.example.health_scale.R$style
com.example.health_scale.R$styleable
...
androidx.customview.R$string
androidx.customview.R$style
androidx.customview.R$styleable
androidx.customview.view.AbsSavedState
androidx.customview.view.AbsSavedState$1
androidx.customview.view.AbsSavedState$2
androidx.customview.widget.ExploreByTouchHelper
androidx.customview.widget.ExploreByTouchHelper$1
androidx.customview.widget.ExploreByTouchHelper$2
androidx.customview.widget.ExploreByTouchHelper$MyNodeProvider
androidx.customview.widget.FocusStrategy
androidx.customview.widget.FocusStrategy$BoundsAdapter
androidx.customview.widget.FocusStrategy$CollectionAdapter
androidx.customview.widget.FocusStrategy$SequentialComparator
androidx.customview.widget.ViewDragHelper
androidx.customview.widget.ViewDragHelper$1
androidx.customview.widget.ViewDragHelper$2
androidx.customview.widget.ViewDragHelper$Callback
androidx.documentfile.R
androidx.documentfile.provider.DocumentFile
androidx.documentfile.provider.DocumentsContractApi19
androidx.documentfile.provider.RawDocumentFile
androidx.documentfile.provider.SingleDocumentFile
androidx.documentfile.provider.TreeDocumentFile
androidx.drawerlayout.R
androidx.drawerlayout.R$attr
androidx.drawerlayout.R$color
androidx.drawerlayout.R$dimen
androidx.drawerlayout.R$drawable
androidx.drawerlayout.R$id
androidx.drawerlayout.R$integer
androidx.drawerlayout.R$layout
androidx.drawerlayout.R$string
androidx.drawerlayout.R$style
androidx.drawerlayout.R$styleable
androidx.drawerlayout.widget.DrawerLayout
androidx.drawerlayout.widget.DrawerLayout$1
androidx.drawerlayout.widget.DrawerLayout$AccessibilityDelegate
androidx.drawerlayout.widget.DrawerLayout$ChildAccessibilityDelegate
androidx.drawerlayout.widget.DrawerLayout$DrawerListener
androidx.drawerlayout.widget.DrawerLayout$LayoutParams
androidx.drawerlayout.widget.DrawerLayout$SavedState
androidx.drawerlayout.widget.DrawerLayout$SavedState$1
androidx.drawerlayout.widget.DrawerLayout$SimpleDrawerListener
androidx.drawerlayout.widget.DrawerLayout$ViewDragCallback
androidx.drawerlayout.widget.DrawerLayout$ViewDragCallback$1
androidx.fragment.R
androidx.fragment.R$attr
androidx.fragment.R$color
androidx.fragment.R$dimen
androidx.fragment.R$drawable
androidx.fragment.R$id
androidx.fragment.R$integer
androidx.fragment.R$layout
androidx.fragment.R$string
androidx.fragment.R$style
androidx.fragment.R$styleable
androidx.fragment.app.BackStackRecord:
    static final java.lang.String TAG
    static final int OP_NULL
    static final int OP_ADD
    static final int OP_REPLACE
    static final int OP_REMOVE
    static final int OP_HIDE
    static final int OP_SHOW
    static final int OP_DETACH
    static final int OP_ATTACH
    static final int OP_SET_PRIMARY_NAV
    static final int OP_UNSET_PRIMARY_NAV
    338:338:public int getId()
    343:343:public int getBreadCrumbTitleRes()
    348:348:public int getBreadCrumbShortTitleRes()
    354:357:public java.lang.CharSequence getBreadCrumbTitle()
    363:366:public java.lang.CharSequence getBreadCrumbShortTitle()
    379:380:public androidx.fragment.app.FragmentTransaction add(androidx.fragment.app.Fragment,java.lang.String)
    385:386:public androidx.fragment.app.FragmentTransaction add(int,androidx.fragment.app.Fragment)
    434:434:public androidx.fragment.app.FragmentTransaction replace(int,androidx.fragment.app.Fragment)
    440:445:public androidx.fragment.app.FragmentTransaction replace(int,androidx.fragment.app.Fragment,java.lang.String)
    450:452:public androidx.fragment.app.FragmentTransaction remove(androidx.fragment.app.Fragment)
    457:459:public androidx.fragment.app.FragmentTransaction hide(androidx.fragment.app.Fragment)
    464:466:public androidx.fragment.app.FragmentTransaction show(androidx.fragment.app.Fragment)
    471:473:public androidx.fragment.app.FragmentTransaction detach(androidx.fragment.app.Fragment)
androidx.fragment.app.DialogFragment
androidx.fragment.app.Fragment$SavedState:
    344:346:Fragment$SavedState(android.os.Bundle)